[21:52:01] [Server thread/INFO]: Starting minecraft server version 1.8.8
[21:52:01] [Server thread/INFO]: Loading properties
[21:52:01] [Server thread/INFO]: Default game type: SURVIVAL
[21:52:01] [Server thread/INFO]: This server is running CraftBukkit version git-Spigot-21fe707-e1ebe52 (MC: 1.8.8) (Implementing API version 1.8.8-R0.1-SNAPSHOT)
[21:52:01] [Server thread/INFO]: Debug logging is disabled
[21:52:01] [Server thread/INFO]: Using 4 threads for Netty based IO
[21:52:01] [Server thread/INFO]: Server Ping Player Sample Count: 12
[21:52:01] [Server thread/INFO]: Generating keypair
[21:52:02] [Server thread/INFO]: Starting Minecraft server on *:25565
[21:52:02] [Server thread/INFO]: Using default channel type
[21:52:02] [Server thread/INFO]: Set PluginClassLoader as parallel capable
[21:52:02] [Server thread/INFO]: [RaspberryJuice] Loading RaspberryJuice v1.9
[21:52:02] [Server thread/INFO]: **** Beginning UUID conversion, this may take A LONG time ****
[21:52:02] [Server thread/INFO]: Preparing level "world"
[21:52:02] [Server thread/INFO]: -------- World Settings For [world] --------
[21:52:02] [Server thread/INFO]: Item Despawn Rate: 6000
[21:52:02] [Server thread/INFO]: Item Merge Radius: 2.5
[21:52:02] [Server thread/INFO]: Allow Zombie Pigmen to spawn from portal blocks: true
[21:52:02] [Server thread/INFO]: Arrow Despawn Rate: 1200
[21:52:02] [Server thread/INFO]: View Distance: 10
[21:52:02] [Server thread/INFO]: Max Entity Collisions: 8
[21:52:02] [Server thread/INFO]: Custom Map Seeds:  Village: 10387312 Feature: 14357617
[21:52:02] [Server thread/INFO]: Zombie Aggressive Towards Villager: true
[21:52:02] [Server thread/INFO]: Mob Spawn Range: 4
[21:52:02] [Server thread/INFO]: Cactus Growth Modifier: 100%
[21:52:02] [Server thread/INFO]: Cane Growth Modifier: 100%
[21:52:02] [Server thread/INFO]: Melon Growth Modifier: 100%
[21:52:02] [Server thread/INFO]: Mushroom Growth Modifier: 100%
[21:52:02] [Server thread/INFO]: Pumpkin Growth Modifier: 100%
[21:52:02] [Server thread/INFO]: Sapling Growth Modifier: 100%
[21:52:02] [Server thread/INFO]: Wheat Growth Modifier: 100%
[21:52:02] [Server thread/INFO]: NetherWart Growth Modifier: 100%
[21:52:02] [Server thread/INFO]: Hopper Transfer: 8 Hopper Check: 8 Hopper Amount: 1
[21:52:02] [Server thread/INFO]: Nerfing mobs spawned from spawners: false
[21:52:02] [Server thread/INFO]: Max TNT Explosions: 100
[21:52:02] [Server thread/INFO]: Entity Tracking Range: Pl 48 / An 48 / Mo 48 / Mi 32 / Other 64
[21:52:02] [Server thread/INFO]: Random Lighting Updates: false
[21:52:02] [Server thread/INFO]: Structure Info Saving: true
[21:52:02] [Server thread/INFO]: Anti X-Ray: true
[21:52:02] [Server thread/INFO]: 	Engine Mode: 1
[21:52:02] [Server thread/INFO]: 	Hidden Blocks: [14, 15, 16, 21, 48, 49, 54, 56, 73, 74, 82, 129, 130]
[21:52:02] [Server thread/INFO]: 	Replace Blocks: [1, 5]
[21:52:02] [Server thread/INFO]: Entity Activation Range: An 32 / Mo 32 / Mi 16
[21:52:02] [Server thread/INFO]: Sending up to 10 chunks per packet
[21:52:02] [Server thread/INFO]: Tile Max Tick Time: 50ms Entity max Tick Time: 50ms
[21:52:02] [Server thread/INFO]: Experience Merge Radius: 3.0
[21:52:02] [Server thread/INFO]: Chunks to Grow per Tick: 650
[21:52:02] [Server thread/INFO]: Clear tick list: false
[21:52:02] [Server thread/INFO]: -------- World Settings For [world_the_end] --------
[21:52:02] [Server thread/INFO]: Item Despawn Rate: 6000
[21:52:02] [Server thread/INFO]: Item Merge Radius: 2.5
[21:52:02] [Server thread/INFO]: Allow Zombie Pigmen to spawn from portal blocks: true
[21:52:02] [Server thread/INFO]: Arrow Despawn Rate: 1200
[21:52:02] [Server thread/INFO]: View Distance: 10
[21:52:02] [Server thread/INFO]: Max Entity Collisions: 8
[21:52:02] [Server thread/INFO]: Custom Map Seeds:  Village: 10387312 Feature: 14357617
[21:52:02] [Server thread/INFO]: Zombie Aggressive Towards Villager: true
[21:52:02] [Server thread/INFO]: Mob Spawn Range: 4
[21:52:02] [Server thread/INFO]: Cactus Growth Modifier: 100%
[21:52:02] [Server thread/INFO]: Cane Growth Modifier: 100%
[21:52:02] [Server thread/INFO]: Melon Growth Modifier: 100%
[21:52:02] [Server thread/INFO]: Mushroom Growth Modifier: 100%
[21:52:02] [Server thread/INFO]: Pumpkin Growth Modifier: 100%
[21:52:02] [Server thread/INFO]: Sapling Growth Modifier: 100%
[21:52:02] [Server thread/INFO]: Wheat Growth Modifier: 100%
[21:52:02] [Server thread/INFO]: NetherWart Growth Modifier: 100%
[21:52:02] [Server thread/INFO]: Hopper Transfer: 8 Hopper Check: 8 Hopper Amount: 1
[21:52:02] [Server thread/INFO]: Nerfing mobs spawned from spawners: false
[21:52:02] [Server thread/INFO]: Max TNT Explosions: 100
[21:52:02] [Server thread/INFO]: Entity Tracking Range: Pl 48 / An 48 / Mo 48 / Mi 32 / Other 64
[21:52:02] [Server thread/INFO]: Random Lighting Updates: false
[21:52:02] [Server thread/INFO]: Structure Info Saving: true
[21:52:02] [Server thread/INFO]: Anti X-Ray: true
[21:52:02] [Server thread/INFO]: 	Engine Mode: 1
[21:52:02] [Server thread/INFO]: 	Hidden Blocks: [14, 15, 16, 21, 48, 49, 54, 56, 73, 74, 82, 129, 130]
[21:52:02] [Server thread/INFO]: 	Replace Blocks: [1, 5]
[21:52:02] [Server thread/INFO]: Entity Activation Range: An 32 / Mo 32 / Mi 16
[21:52:02] [Server thread/INFO]: Sending up to 10 chunks per packet
[21:52:02] [Server thread/INFO]: Tile Max Tick Time: 50ms Entity max Tick Time: 50ms
[21:52:02] [Server thread/INFO]: Experience Merge Radius: 3.0
[21:52:02] [Server thread/INFO]: Chunks to Grow per Tick: 650
[21:52:02] [Server thread/INFO]: Clear tick list: false
[21:52:02] [Server thread/INFO]: Preparing start region for level 0 (Seed: -8157284194485107417)
[21:52:03] [Server thread/INFO]: Preparing spawn area: 72%
[21:52:03] [Server thread/INFO]: Preparing start region for level 1 (Seed: -8157284194485107417)
[21:52:04] [Server thread/INFO]: [RaspberryJuice] Enabling RaspberryJuice v1.9
[21:52:04] [Server thread/INFO]: [RaspberryJuice] Using port 4711
[21:52:04] [Server thread/INFO]: [RaspberryJuice] Using RELATIVE locations
[21:52:04] [Server thread/INFO]: [RaspberryJuice] ThreadListener Started
[21:52:04] [Server thread/INFO]: Server permissions file permissions.yml is empty, ignoring it
[21:52:04] [Server thread/INFO]: Done (1.958s)! For help, type "help" or "?"
[21:52:30] [Thread-8/INFO]: [RaspberryJuice] Starting input thread
[21:52:30] [Thread-7/INFO]: [RaspberryJuice] Opened connection to/127.0.0.1:60229.
[21:52:30] [Thread-9/INFO]: [RaspberryJuice] Starting output thread!
[21:52:30] [Server thread/INFO]: Hello Minecraft World
[21:52:30] [Server thread/INFO]: [RaspberryJuice] Closed connection to/127.0.0.1:60229.
[21:55:24] [Thread-7/INFO]: [RaspberryJuice] Opened connection to/127.0.0.1:60231.
[21:55:24] [Thread-11/INFO]: [RaspberryJuice] Starting output thread!
[21:55:24] [Thread-10/INFO]: [RaspberryJuice] Starting input thread
[21:55:24] [Server thread/INFO]: Hello Minecraft World
[21:55:24] [Server thread/WARN]: [RaspberryJuice] Error occured handling command
[21:55:24] [Server thread/WARN]: java.lang.NullPointerException
[21:55:24] [Server thread/WARN]: 	at net.zhuoweizhang.raspberryjuice.RemoteSession.handleCommand(RemoteSession.java:297)
[21:55:24] [Server thread/WARN]: 	at net.zhuoweizhang.raspberryjuice.RemoteSession.handleLine(RemoteSession.java:133)
[21:55:24] [Server thread/WARN]: 	at net.zhuoweizhang.raspberryjuice.RemoteSession.tick(RemoteSession.java:113)
[21:55:24] [Server thread/WARN]: 	at net.zhuoweizhang.raspberryjuice.RaspberryJuicePlugin$TickHandler.run(RaspberryJuicePlugin.java:167)
[21:55:24] [Server thread/WARN]: 	at org.bukkit.craftbukkit.v1_8_R3.scheduler.CraftTask.run(CraftTask.java:71)
[21:55:24] [Server thread/WARN]: 	at org.bukkit.craftbukkit.v1_8_R3.scheduler.CraftScheduler.mainThreadHeartbeat(CraftScheduler.java:350)
[21:55:24] [Server thread/WARN]: 	at net.minecraft.server.v1_8_R3.MinecraftServer.B(MinecraftServer.java:723)
[21:55:24] [Server thread/WARN]: 	at net.minecraft.server.v1_8_R3.DedicatedServer.B(DedicatedServer.java:374)
[21:55:24] [Server thread/WARN]: 	at net.minecraft.server.v1_8_R3.MinecraftServer.A(MinecraftServer.java:654)
[21:55:24] [Server thread/WARN]: 	at net.minecraft.server.v1_8_R3.MinecraftServer.run(MinecraftServer.java:557)
[21:55:24] [Server thread/WARN]: 	at java.lang.Thread.run(Unknown Source)
[21:55:24] [Server thread/INFO]: [RaspberryJuice] Closed connection to/127.0.0.1:60231.
[21:57:59] [User Authenticator #1/INFO]: UUID of player JustThisOne is 1a2be031-4780-4e00-8f2a-69c9d31c3ff3
[21:58:00] [Server thread/INFO]: JustThisOne[/127.0.0.1:60281] logged in with entity id 17 at ([world]517.5, 4.0, 976.5)
[21:58:15] [Server thread/INFO]: --------- Help: Index ---------------------------
[21:58:15] [Server thread/INFO]: Use /help [n] to get page n of help.
[21:58:15] [Server thread/INFO]: Aliases: Lists command aliases
[21:58:15] [Server thread/INFO]: Bukkit: All commands for Bukkit
[21:58:15] [Server thread/INFO]: Minecraft: All commands for Minecraft
[21:58:15] [Server thread/INFO]: /achievement: A Mojang provided command.
[21:58:15] [Server thread/INFO]: /ban: A Mojang provided command.
[21:58:15] [Server thread/INFO]: /ban-ip: A Mojang provided command.
[21:58:15] [Server thread/INFO]: /banlist: A Mojang provided command.
[21:58:15] [Server thread/INFO]: /blockdata: A Mojang provided command.
[21:58:15] [Server thread/INFO]: /clear: A Mojang provided command.
[21:58:15] [Server thread/INFO]: /clone: A Mojang provided command.
[21:58:15] [Server thread/INFO]: /debug: A Mojang provided command.
[21:58:15] [Server thread/INFO]: /defaultgamemode: A Mojang provided command.
[21:58:15] [Server thread/INFO]: /deop: A Mojang provided command.
[21:58:15] [Server thread/INFO]: /difficulty: A Mojang provided command.
[21:58:15] [Server thread/INFO]: /effect: A Mojang provided command.
[21:58:15] [Server thread/INFO]: /enchant: A Mojang provided command.
[21:58:15] [Server thread/INFO]: /entitydata: A Mojang provided command.
[21:58:15] [Server thread/INFO]: /execute: A Mojang provided command.
[21:58:15] [Server thread/INFO]: /fill: A Mojang provided command.
[21:58:15] [Server thread/INFO]: /gamemode: A Mojang provided command.
[21:58:15] [Server thread/INFO]: /gamerule: A Mojang provided command.
[21:58:15] [Server thread/INFO]: /give: A Mojang provided command.
[21:58:15] [Server thread/INFO]: /help: Shows the help menu
[21:58:15] [Server thread/INFO]: /kick: A Mojang provided command.
[21:58:15] [Server thread/INFO]: /kill: A Mojang provided command.
[21:58:15] [Server thread/INFO]: /list: A Mojang provided command.
[21:58:15] [Server thread/INFO]: /me: A Mojang provided command.
[21:58:15] [Server thread/INFO]: /minecraft:help: A Mojang provided command.
[21:58:15] [Server thread/INFO]: /minecraft:tell: A Mojang provided command.
[21:58:15] [Server thread/INFO]: /op: A Mojang provided command.
[21:58:15] [Server thread/INFO]: /pardon: A Mojang provided command.
[21:58:15] [Server thread/INFO]: /pardon-ip: A Mojang provided command.
[21:58:15] [Server thread/INFO]: /particle: A Mojang provided command.
[21:58:15] [Server thread/INFO]: /playsound: A Mojang provided command.
[21:58:15] [Server thread/INFO]: /plugins: Gets a list of plugins running on the server
[21:58:15] [Server thread/INFO]: /reload: Reloads the server configuration and plugins
[21:58:15] [Server thread/INFO]: /replaceitem: A Mojang provided command.
[21:58:15] [Server thread/INFO]: /restart: Restarts the server
[21:58:15] [Server thread/INFO]: /save-all: A Mojang provided command.
[21:58:15] [Server thread/INFO]: /save-off: A Mojang provided command.
[21:58:15] [Server thread/INFO]: /save-on: A Mojang provided command.
[21:58:15] [Server thread/INFO]: /say: A Mojang provided command.
[21:58:15] [Server thread/INFO]: /scoreboard: A Mojang provided command.
[21:58:15] [Server thread/INFO]: /seed: A Mojang provided command.
[21:58:15] [Server thread/INFO]: /setblock: A Mojang provided command.
[21:58:15] [Server thread/INFO]: /setidletimeout: A Mojang provided command.
[21:58:15] [Server thread/INFO]: /setworldspawn: A Mojang provided command.
[21:58:15] [Server thread/INFO]: /spawnpoint: A Mojang provided command.
[21:58:15] [Server thread/INFO]: /spreadplayers: A Mojang provided command.
[21:58:15] [Server thread/INFO]: /stats: A Mojang provided command.
[21:58:15] [Server thread/INFO]: /stop: A Mojang provided command.
[21:58:15] [Server thread/INFO]: /summon: A Mojang provided command.
[21:58:15] [Server thread/INFO]: /tell: A Mojang provided command.
[21:58:15] [Server thread/INFO]: /tellraw: A Mojang provided command.
[21:58:15] [Server thread/INFO]: /testfor: A Mojang provided command.
[21:58:15] [Server thread/INFO]: /testforblock: A Mojang provided command.
[21:58:15] [Server thread/INFO]: /testforblocks: A Mojang provided command.
[21:58:15] [Server thread/INFO]: /time: A Mojang provided command.
[21:58:15] [Server thread/INFO]: /timings: Manages Spigot Timings data to see performance of the server.
[21:58:15] [Server thread/INFO]: /title: A Mojang provided command.
[21:58:15] [Server thread/INFO]: /toggledownfall: A Mojang provided command.
[21:58:15] [Server thread/INFO]: /tp: A Mojang provided command.
[21:58:15] [Server thread/INFO]: /tps: Gets the current ticks per second for the server
[21:58:15] [Server thread/INFO]: /trigger: A Mojang provided command.
[21:58:15] [Server thread/INFO]: /version: Gets the version of this server including any plugins in use
[21:58:15] [Server thread/INFO]: /weather: A Mojang provided command.
[21:58:15] [Server thread/INFO]: /whitelist: A Mojang provided command.
[21:58:15] [Server thread/INFO]: /worldborder: A Mojang provided command.
[21:58:15] [Server thread/INFO]: /xp: A Mojang provided command.
[21:58:22] [Server thread/INFO]: Usage: /time <set|add|query> <value>
[21:58:28] [Server thread/INFO]: Usage: /time <set|add|query> <value>
[21:58:37] [Server thread/INFO]: Set the time to 0
[21:59:06] [Server thread/INFO]: Usage: /gamemode <mode> [player]
[21:59:11] [Server thread/INFO]: You must specify which player you wish to perform this action on.
[21:59:20] [Server thread/INFO]: Unknown command. Type "/help" for help.
[21:59:33] [Server thread/INFO]: Unknown command. Type "/help" for help.
[21:59:46] [Server thread/INFO]: You must specify which player you wish to perform this action on.
[21:59:54] [Server thread/INFO]: Set JustThisOne's game mode to Creative Mode
[22:00:04] [Server thread/INFO]: JustThisOne fell out of the world
[22:00:23] [Thread-12/INFO]: [RaspberryJuice] Starting input thread
[22:00:23] [Thread-7/INFO]: [RaspberryJuice] Opened connection to/127.0.0.1:60284.
[22:00:23] [Thread-13/INFO]: [RaspberryJuice] Starting output thread!
[22:00:23] [Server thread/INFO]: Hello Minecraft World
[22:00:23] [Server thread/INFO]: [RaspberryJuice] Closed connection to/127.0.0.1:60284.
[22:00:33] [Thread-7/INFO]: [RaspberryJuice] Opened connection to/127.0.0.1:60286.
[22:00:33] [Thread-14/INFO]: [RaspberryJuice] Starting input thread
[22:00:33] [Thread-15/INFO]: [RaspberryJuice] Starting output thread!
[22:00:33] [Server thread/INFO]: Hello Minecraft World
[22:00:33] [Server thread/INFO]: [RaspberryJuice] Closed connection to/127.0.0.1:60286.
[22:05:32] [Thread-7/INFO]: [RaspberryJuice] Opened connection to/127.0.0.1:60291.
[22:05:32] [Thread-16/INFO]: [RaspberryJuice] Starting input thread
[22:05:32] [Thread-17/INFO]: [RaspberryJuice] Starting output thread!
[22:05:32] [Server thread/INFO]: Hello Minecraft World
[22:05:33] [Server thread/INFO]: [RaspberryJuice] Closed connection to/127.0.0.1:60291.
